{"C:\\Users\\Elwin\\Documents\\Futureproof\\Course\\LAP_1\\Week_2\\Week_2_Day_5\\api-express-framework\\server\\app.js": {"path":"C:\\Users\\Elwin\\Documents\\Futureproof\\Course\\LAP_1\\Week_2\\Week_2_Day_5\\api-express-framework\\server\\app.js","statementMap":{"0":{"start":{"line":1,"column":16},"end":{"line":1,"column":34}},"1":{"start":{"line":2,"column":19},"end":{"line":2,"column":41}},"2":{"start":{"line":3,"column":13},"end":{"line":3,"column":28}},"3":{"start":{"line":5,"column":12},"end":{"line":5,"column":21}},"4":{"start":{"line":6,"column":0},"end":{"line":6,"column":27}},"5":{"start":{"line":7,"column":0},"end":{"line":7,"column":16}},"6":{"start":{"line":9,"column":22},"end":{"line":9,"column":63}},"7":{"start":{"line":10,"column":0},"end":{"line":10,"column":36}},"8":{"start":{"line":13,"column":0},"end":{"line":15,"column":3}},"9":{"start":{"line":14,"column":4},"end":{"line":14,"column":55}},"10":{"start":{"line":17,"column":0},"end":{"line":19,"column":3}},"11":{"start":{"line":18,"column":4},"end":{"line":18,"column":52}},"12":{"start":{"line":21,"column":0},"end":{"line":21,"column":21}}},"fnMap":{"0":{"name":"(anonymous_0)","decl":{"start":{"line":13,"column":13},"end":{"line":13,"column":14}},"loc":{"start":{"line":13,"column":27},"end":{"line":15,"column":1}},"line":13},"1":{"name":"(anonymous_1)","decl":{"start":{"line":17,"column":14},"end":{"line":17,"column":15}},"loc":{"start":{"line":17,"column":28},"end":{"line":19,"column":1}},"line":17}},"branchMap":{},"s":{"0":1,"1":1,"2":1,"3":1,"4":1,"5":1,"6":1,"7":1,"8":1,"9":1,"10":1,"11":0,"12":1},"f":{"0":1,"1":0},"b":{},"_coverageSchema":"1a1c01bbd47fc00a2c39e90264f33305004495a9","hash":"1e145f509225dbc7f362692372be0952ceee0243"}
,"C:\\Users\\Elwin\\Documents\\Futureproof\\Course\\LAP_1\\Week_2\\Week_2_Day_5\\api-express-framework\\server\\data.js": {"path":"C:\\Users\\Elwin\\Documents\\Futureproof\\Course\\LAP_1\\Week_2\\Week_2_Day_5\\api-express-framework\\server\\data.js","statementMap":{"0":{"start":{"line":1,"column":17},"end":{"line":4,"column":1}},"1":{"start":{"line":5,"column":0},"end":{"line":5,"column":26}}},"fnMap":{},"branchMap":{},"s":{"0":1,"1":1},"f":{},"b":{},"_coverageSchema":"1a1c01bbd47fc00a2c39e90264f33305004495a9","hash":"892ced01b22813850d9d57b04bbb4a662a698bf0"}
,"C:\\Users\\Elwin\\Documents\\Futureproof\\Course\\LAP_1\\Week_2\\Week_2_Day_5\\api-express-framework\\server\\controllers\\students.js": {"path":"C:\\Users\\Elwin\\Documents\\Futureproof\\Course\\LAP_1\\Week_2\\Week_2_Day_5\\api-express-framework\\server\\controllers\\students.js","statementMap":{"0":{"start":{"line":1,"column":16},"end":{"line":1,"column":34}},"1":{"start":{"line":2,"column":15},"end":{"line":2,"column":31}},"2":{"start":{"line":4,"column":16},"end":{"line":4,"column":44}},"3":{"start":{"line":6,"column":0},"end":{"line":9,"column":3}},"4":{"start":{"line":7,"column":25},"end":{"line":7,"column":36}},"5":{"start":{"line":8,"column":4},"end":{"line":8,"column":27}},"6":{"start":{"line":11,"column":0},"end":{"line":20,"column":3}},"7":{"start":{"line":12,"column":4},"end":{"line":19,"column":5}},"8":{"start":{"line":13,"column":26},"end":{"line":13,"column":49}},"9":{"start":{"line":14,"column":32},"end":{"line":14,"column":59}},"10":{"start":{"line":15,"column":8},"end":{"line":15,"column":34}},"11":{"start":{"line":17,"column":8},"end":{"line":17,"column":25}},"12":{"start":{"line":18,"column":8},"end":{"line":18,"column":34}},"13":{"start":{"line":22,"column":0},"end":{"line":26,"column":3}},"14":{"start":{"line":23,"column":17},"end":{"line":23,"column":25}},"15":{"start":{"line":24,"column":23},"end":{"line":24,"column":43}},"16":{"start":{"line":25,"column":4},"end":{"line":25,"column":37}},"17":{"start":{"line":28,"column":0},"end":{"line":33,"column":3}},"18":{"start":{"line":29,"column":22},"end":{"line":29,"column":45}},"19":{"start":{"line":30,"column":29},"end":{"line":30,"column":56}},"20":{"start":{"line":31,"column":4},"end":{"line":31,"column":31}},"21":{"start":{"line":32,"column":4},"end":{"line":32,"column":27}},"22":{"start":{"line":35,"column":0},"end":{"line":35,"column":24}}},"fnMap":{"0":{"name":"(anonymous_0)","decl":{"start":{"line":6,"column":16},"end":{"line":6,"column":17}},"loc":{"start":{"line":6,"column":30},"end":{"line":9,"column":1}},"line":6},"1":{"name":"(anonymous_1)","decl":{"start":{"line":11,"column":19},"end":{"line":11,"column":20}},"loc":{"start":{"line":11,"column":33},"end":{"line":20,"column":1}},"line":11},"2":{"name":"(anonymous_2)","decl":{"start":{"line":22,"column":17},"end":{"line":22,"column":18}},"loc":{"start":{"line":22,"column":31},"end":{"line":26,"column":1}},"line":22},"3":{"name":"(anonymous_3)","decl":{"start":{"line":28,"column":22},"end":{"line":28,"column":23}},"loc":{"start":{"line":28,"column":36},"end":{"line":33,"column":1}},"line":28}},"branchMap":{},"s":{"0":1,"1":1,"2":1,"3":1,"4":1,"5":1,"6":1,"7":0,"8":0,"9":0,"10":0,"11":0,"12":0,"13":1,"14":0,"15":0,"16":0,"17":1,"18":0,"19":0,"20":0,"21":0,"22":1},"f":{"0":1,"1":0,"2":0,"3":0},"b":{},"_coverageSchema":"1a1c01bbd47fc00a2c39e90264f33305004495a9","hash":"53d9b8ee418525ec67dc69c7588129e584fce0e4"}
,"C:\\Users\\Elwin\\Documents\\Futureproof\\Course\\LAP_1\\Week_2\\Week_2_Day_5\\api-express-framework\\server\\models\\student.js": {"path":"C:\\Users\\Elwin\\Documents\\Futureproof\\Course\\LAP_1\\Week_2\\Week_2_Day_5\\api-express-framework\\server\\models\\student.js","statementMap":{"0":{"start":{"line":1,"column":21},"end":{"line":1,"column":39}},"1":{"start":{"line":5,"column":8},"end":{"line":5,"column":26}},"2":{"start":{"line":6,"column":8},"end":{"line":6,"column":30}},"3":{"start":{"line":7,"column":8},"end":{"line":7,"column":28}},"4":{"start":{"line":8,"column":8},"end":{"line":8,"column":38}},"5":{"start":{"line":9,"column":8},"end":{"line":9,"column":53}},"6":{"start":{"line":13,"column":25},"end":{"line":13,"column":76}},"7":{"start":{"line":13,"column":55},"end":{"line":13,"column":75}},"8":{"start":{"line":14,"column":8},"end":{"line":14,"column":24}},"9":{"start":{"line":18,"column":8},"end":{"line":24,"column":9}},"10":{"start":{"line":19,"column":32},"end":{"line":19,"column":86}},"11":{"start":{"line":19,"column":65},"end":{"line":19,"column":82}},"12":{"start":{"line":20,"column":28},"end":{"line":20,"column":52}},"13":{"start":{"line":21,"column":12},"end":{"line":21,"column":27}},"14":{"start":{"line":23,"column":12},"end":{"line":23,"column":82}},"15":{"start":{"line":28,"column":29},"end":{"line":28,"column":52}},"16":{"start":{"line":29,"column":27},"end":{"line":29,"column":72}},"17":{"start":{"line":30,"column":8},"end":{"line":30,"column":38}},"18":{"start":{"line":31,"column":8},"end":{"line":31,"column":26}},"19":{"start":{"line":35,"column":24},"end":{"line":35,"column":83}},"20":{"start":{"line":35,"column":57},"end":{"line":35,"column":79}},"21":{"start":{"line":36,"column":8},"end":{"line":36,"column":62}},"22":{"start":{"line":40,"column":0},"end":{"line":40,"column":25}}},"fnMap":{"0":{"name":"(anonymous_0)","decl":{"start":{"line":4,"column":4},"end":{"line":4,"column":5}},"loc":{"start":{"line":4,"column":22},"end":{"line":10,"column":5}},"line":4},"1":{"name":"(anonymous_1)","decl":{"start":{"line":12,"column":4},"end":{"line":12,"column":5}},"loc":{"start":{"line":12,"column":21},"end":{"line":15,"column":5}},"line":12},"2":{"name":"(anonymous_2)","decl":{"start":{"line":13,"column":42},"end":{"line":13,"column":43}},"loc":{"start":{"line":13,"column":55},"end":{"line":13,"column":75}},"line":13},"3":{"name":"(anonymous_3)","decl":{"start":{"line":17,"column":4},"end":{"line":17,"column":5}},"loc":{"start":{"line":17,"column":24},"end":{"line":25,"column":5}},"line":17},"4":{"name":"(anonymous_4)","decl":{"start":{"line":19,"column":52},"end":{"line":19,"column":53}},"loc":{"start":{"line":19,"column":65},"end":{"line":19,"column":82}},"line":19},"5":{"name":"(anonymous_5)","decl":{"start":{"line":27,"column":4},"end":{"line":27,"column":5}},"loc":{"start":{"line":27,"column":27},"end":{"line":32,"column":5}},"line":27},"6":{"name":"(anonymous_6)","decl":{"start":{"line":34,"column":4},"end":{"line":34,"column":5}},"loc":{"start":{"line":34,"column":14},"end":{"line":37,"column":5}},"line":34},"7":{"name":"(anonymous_7)","decl":{"start":{"line":35,"column":44},"end":{"line":35,"column":45}},"loc":{"start":{"line":35,"column":57},"end":{"line":35,"column":79}},"line":35}},"branchMap":{},"s":{"0":1,"1":2,"2":2,"3":2,"4":2,"5":2,"6":1,"7":2,"8":1,"9":0,"10":0,"11":0,"12":0,"13":0,"14":0,"15":0,"16":0,"17":0,"18":0,"19":0,"20":0,"21":0,"22":1},"f":{"0":2,"1":1,"2":2,"3":0,"4":0,"5":0,"6":0,"7":0},"b":{},"_coverageSchema":"1a1c01bbd47fc00a2c39e90264f33305004495a9","hash":"5e532e999e099e54adea756d1bbc97e2813b7bea"}
}
