TN:
SF:app.js
FN:13,(anonymous_0)
FN:17,(anonymous_1)
FNF:2
FNH:1
FNDA:1,(anonymous_0)
FNDA:0,(anonymous_1)
DA:1,1
DA:2,1
DA:3,1
DA:5,1
DA:6,1
DA:7,1
DA:9,1
DA:10,1
DA:13,1
DA:14,1
DA:17,1
DA:18,0
DA:21,1
LF:13
LH:12
BRF:0
BRH:0
end_of_record
TN:
SF:data.js
FNF:0
FNH:0
DA:1,1
DA:5,1
LF:2
LH:2
BRF:0
BRH:0
end_of_record
TN:
SF:controllers\students.js
FN:6,(anonymous_0)
FN:11,(anonymous_1)
FN:22,(anonymous_2)
FN:28,(anonymous_3)
FNF:4
FNH:1
FNDA:1,(anonymous_0)
FNDA:0,(anonymous_1)
FNDA:0,(anonymous_2)
FNDA:0,(anonymous_3)
DA:1,1
DA:2,1
DA:4,1
DA:6,1
DA:7,1
DA:8,1
DA:11,1
DA:12,0
DA:13,0
DA:14,0
DA:15,0
DA:17,0
DA:18,0
DA:22,1
DA:23,0
DA:24,0
DA:25,0
DA:28,1
DA:29,0
DA:30,0
DA:31,0
DA:32,0
DA:35,1
LF:23
LH:10
BRF:0
BRH:0
end_of_record
TN:
SF:models\student.js
FN:4,(anonymous_0)
FN:12,(anonymous_1)
FN:13,(anonymous_2)
FN:17,(anonymous_3)
FN:19,(anonymous_4)
FN:27,(anonymous_5)
FN:34,(anonymous_6)
FN:35,(anonymous_7)
FNF:8
FNH:3
FNDA:2,(anonymous_0)
FNDA:1,(anonymous_1)
FNDA:2,(anonymous_2)
FNDA:0,(anonymous_3)
FNDA:0,(anonymous_4)
FNDA:0,(anonymous_5)
FNDA:0,(anonymous_6)
FNDA:0,(anonymous_7)
DA:1,1
DA:5,2
DA:6,2
DA:7,2
DA:8,2
DA:9,2
DA:13,2
DA:14,1
DA:18,0
DA:19,0
DA:20,0
DA:21,0
DA:23,0
DA:28,0
DA:29,0
DA:30,0
DA:31,0
DA:35,0
DA:36,0
DA:40,1
LF:20
LH:9
BRF:0
BRH:0
end_of_record
